<!-- type this in your git console `git log --pretty=format:'%h : %s' --graph > log.log` -->

* 0cd66b9 : Working hard to change GitHub commit email
*   b63d303 : Merge branch 'master' of https://github.com/newbiegreen4ever/100-days-of-code_v.Newbie change author
|\  
| *   b320dae : Merge branch 'master' of https://github.com/newbiegreen4ever/100-days-of-code_v.Newbie
| |\  
* | \   862aebd : Merge branch 'master' of https://github.com/newbiegreen4ever/100-days-of-code_v.Newbie
|\ \ \  
| |/ /  
|/| /   
| |/    
| * a65cf9a : /
* | 8fcc9d5 : /
|/  
* bbef60a : /
*   95b9016 : Merge branch 'master' of https://github.com/newbiegreen4ever/100-days-of-code_v.Newbie
|\  
| * d7965a5 : Rename 2016-06-06.html to Code/2016-06-06.html
| * ef6fcd0 : 2016-06-06
* | 2ee1815 : 2017-06-06
|/  
* 2b5ac3f : Update log.md
* 2a0e697 : Update log.md
* 17d1738 : Update log.md
* 4fcf527 : Update log.md
* b93f8f1 : Update log.md
* 10c0e5a : Update log.md
* 75e19de : Update rules.md
* 773c689 : Update rules.md
* 03584c6 : Update rules.md
* 7c617f7 : Update rules.md
* 649cf5c : Update log.md
* 26a1623 : Update log.md
* fa8f285 : Update log.md
* 522f9f9 : Update log.md
* 91f3d7b : Update log.md
*   2348ca1 : Merge pull request #5 from Programazing/patch-1
|\  
| * ae5427c : Add link CodeNewbie's #100DaysOfCode Slack Channel
|/  
* 4ddbca3 : Emphasize the most important steps
* 1025eb0 : add example
* 6ed3ffc : add example for Log
*   a806b23 : Merge pull request #4 from amandeepmittal/patch-2
|\  
| * ee20dfa : added a coding book
|/  
*   40b1d4a : Merge pull request #3 from nsgonultas/master
|\  
| * b4d6c07 : Added cntr
|/  
*   72c424a : Merge pull request #2 from billimarie/patch-1
|\  
| * 13da61e : updated resources
|/  
* cf49b53 : Update README.md  - add star
* c773fae : Update README.md
* e87b80a : Fix markdown issues, add info on supporting others
*   c49a9ea : Merge pull request #1 from amandeepmittal/patch-1
|\  
| * 34813d4 : Update resources.md
* | 35c4f4e : Clean up content of README
|/  
* 46579cb : create a repo for 100 Days Of Code Challenge
